2/22/2017 2:58:57 PM	This log contains information about the import schema operation into project 'hipaa_talk' on computer 'J5J0282' by user 'millerma'.
2/22/2017 2:58:57 PM	Import of database schema has started.
2/22/2017 2:59:01 PM	Gathering database options
2/22/2017 2:59:01 PM	Gathering users
2/22/2017 2:59:01 PM	Gathering roles
2/22/2017 2:59:01 PM	Gathering application roles
2/22/2017 2:59:01 PM	Gathering role memberships
2/22/2017 2:59:01 PM	Gathering filegroups
2/22/2017 2:59:01 PM	Gathering full-text catalogs
2/22/2017 2:59:01 PM	Gathering assemblies
2/22/2017 2:59:01 PM	Gathering certificates
2/22/2017 2:59:01 PM	Gathering asymmetric keys
2/22/2017 2:59:01 PM	Gathering symmetric keys
2/22/2017 2:59:01 PM	Gathering encrypted symmetric keys
2/22/2017 2:59:01 PM	Gathering schemas
2/22/2017 2:59:01 PM	Gathering XML schema collections
2/22/2017 2:59:01 PM	Gathering user-defined data types
2/22/2017 2:59:01 PM	Gathering user-defined types
2/22/2017 2:59:01 PM	Gathering table types
2/22/2017 2:59:01 PM	Gathering unique keys for table types
2/22/2017 2:59:01 PM	Gathering primary keys for table types
2/22/2017 2:59:01 PM	Gathering indexes for table types
2/22/2017 2:59:01 PM	Gathering check constraints for table types
2/22/2017 2:59:01 PM	Gathering default constraints for table types
2/22/2017 2:59:01 PM	Gathering partition functions
2/22/2017 2:59:01 PM	Gathering partition schemes
2/22/2017 2:59:01 PM	Gathering functions
2/22/2017 2:59:01 PM	Gathering encrypted functions
2/22/2017 2:59:01 PM	Gathering aggregates
2/22/2017 2:59:01 PM	Gathering procedures
2/22/2017 2:59:02 PM	Gathering encrypted procedures
2/22/2017 2:59:02 PM	Gathering tables
2/22/2017 2:59:02 PM	Gathering primary keys
2/22/2017 2:59:02 PM	Gathering unique constraints
2/22/2017 2:59:02 PM	Gathering foreign keys
2/22/2017 2:59:02 PM	Gathering default constraints
2/22/2017 2:59:02 PM	Gathering check constraints
2/22/2017 2:59:02 PM	Gathering views
2/22/2017 2:59:03 PM	Gathering encrypted views
2/22/2017 2:59:03 PM	Gathering indexes
2/22/2017 2:59:03 PM	Gathering statistics
2/22/2017 2:59:03 PM	Gathering full-text index stoplists
2/22/2017 2:59:03 PM	Gathering search property lists
2/22/2017 2:59:03 PM	Gathering search properties
2/22/2017 2:59:03 PM	Gathering full-text indexes
2/22/2017 2:59:03 PM	Gathering column store indexes
2/22/2017 2:59:03 PM	Gathering spatial indexes
2/22/2017 2:59:03 PM	Gathering XML indexes
2/22/2017 2:59:03 PM	Gathering Selective XML indexes
2/22/2017 2:59:03 PM	Gathering encrypted triggers
2/22/2017 2:59:03 PM	Gathering triggers
2/22/2017 2:59:03 PM	Gathering encrypted and clr ddl triggers
2/22/2017 2:59:03 PM	Gathering ddl triggers
2/22/2017 2:59:03 PM	Gathering synonyms
2/22/2017 2:59:03 PM	Gathering defaults
2/22/2017 2:59:03 PM	Gathering data constraint uddt bindings
2/22/2017 2:59:03 PM	Gathering rules
2/22/2017 2:59:03 PM	Gathering data constraint uddt bindings
2/22/2017 2:59:03 PM	Gathering message types
2/22/2017 2:59:03 PM	Gathering queues
2/22/2017 2:59:03 PM	Gathering contracts
2/22/2017 2:59:03 PM	Gathering services
2/22/2017 2:59:03 PM	Gathering event notifications
2/22/2017 2:59:03 PM	Gathering remote service bindings
2/22/2017 2:59:03 PM	Gathering broker priorities
2/22/2017 2:59:03 PM	Gathering signatures
2/22/2017 2:59:03 PM	Gathering data compression options
2/22/2017 2:59:03 PM	Gathering sequence types
2/22/2017 2:59:03 PM	Gathering extended properties
2/22/2017 2:59:03 PM	Gathering credentials
2/22/2017 2:59:03 PM	Gathering logins
2/22/2017 2:59:03 PM	Gathering server audits
2/22/2017 2:59:04 PM	Scanning project for duplicate elements
2/22/2017 2:59:04 PM	Finished duplicate element processing
2/22/2017 2:59:06 PM	Finished importing database.
2/22/2017 2:59:06 PM	A summary of the import was saved to the following location: C:\git\hipaa_talk\hipaa_talk\Import Schema Logs\hipaa_talk_20170222105857.log
2/22/2017 2:59:06 PM	Click Finish to continue...
